rm -f false_sharing false_sharing_2
/usr/site/hpc/spack/v0.19-lcc3-20230919/opt/spack/linux-rocky8-westmere/gcc-8.5.0/gcc-12.2.0-p4pe45vebc7w5leppo2eeesyakewpbxf/bin/gcc -std=gnu11 -Wall -Werror -Wextra -fopenmp -O3    false_sharing.c   -o false_sharing
/usr/site/hpc/spack/v0.19-lcc3-20230919/opt/spack/linux-rocky8-westmere/gcc-8.5.0/gcc-12.2.0-p4pe45vebc7w5leppo2eeesyakewpbxf/bin/gcc -std=gnu11 -Wall -Werror -Wextra -fopenmp -O3    false_sharing_2.c   -o false_sharing_2
running with 6 Threads on cores 0,1,2,3,4,5
Total sum: 600000000
Time taken: 0.314485 seconds

 Performance counter stats for './false_sharing 100000000':

          1,812.40 msec task-clock:u              #    5.648 CPUs utilized          
                 0      context-switches:u        #    0.000 /sec                   
                 0      cpu-migrations:u          #    0.000 /sec                   
                81      page-faults:u             #   44.692 /sec                   
     5,265,442,510      cycles:u                  #    2.905 GHz                      (83.39%)
     4,072,468,552      stalled-cycles-frontend:u #   77.34% frontend cycles idle     (83.18%)
       947,310,743      stalled-cycles-backend:u  #   17.99% backend cycles idle      (66.64%)
     2,413,081,608      instructions:u            #    0.46  insn per cycle         
                                                  #    1.69  stalled cycles per insn  (83.40%)
       604,385,457      branches:u                #  333.473 M/sec                    (83.45%)
             7,127      branch-misses:u           #    0.00% of all branches          (83.44%)

       0.320876265 seconds time elapsed

       1.796202000 seconds user
       0.001986000 seconds sys


Total sum: 600000000
Time taken: 0.209153 seconds

 Performance counter stats for './false_sharing_2 100000000':

          1,250.96 msec task-clock:u              #    5.817 CPUs utilized          
                 0      context-switches:u        #    0.000 /sec                   
                 0      cpu-migrations:u          #    0.000 /sec                   
                80      page-faults:u             #   63.951 /sec                   
     3,631,302,842      cycles:u                  #    2.903 GHz                      (83.29%)
     2,439,312,866      stalled-cycles-frontend:u #   67.17% frontend cycles idle     (83.22%)
       593,658,873      stalled-cycles-backend:u  #   16.35% backend cycles idle      (66.43%)
     2,411,063,345      instructions:u            #    0.66  insn per cycle         
                                                  #    1.01  stalled cycles per insn  (83.28%)
       603,202,626      branches:u                #  482.193 M/sec                    (83.48%)
               435      branch-misses:u           #    0.00% of all branches          (83.58%)

       0.215052654 seconds time elapsed

       1.238360000 seconds user
       0.002973000 seconds sys


running with 6 Threads on cores 0,1,2,6,7,8
Total sum: 600000000
Time taken: 0.401281 seconds

 Performance counter stats for './false_sharing 100000000':

          2,217.21 msec task-clock:u              #    5.460 CPUs utilized          
                 0      context-switches:u        #    0.000 /sec                   
                 0      cpu-migrations:u          #    0.000 /sec                   
                81      page-faults:u             #   36.532 /sec                   
     6,444,167,778      cycles:u                  #    2.906 GHz                      (83.29%)
     5,253,540,958      stalled-cycles-frontend:u #   81.52% frontend cycles idle     (83.31%)
     1,537,181,968      stalled-cycles-backend:u  #   23.85% backend cycles idle      (66.72%)
     2,414,069,616      instructions:u            #    0.37  insn per cycle         
                                                  #    2.18  stalled cycles per insn  (83.36%)
       603,408,765      branches:u                #  272.148 M/sec                    (83.36%)
             6,968      branch-misses:u           #    0.00% of all branches          (83.45%)

       0.406083446 seconds time elapsed

       2.197213000 seconds user
       0.002982000 seconds sys


Total sum: 600000000
Time taken: 0.207113 seconds

 Performance counter stats for './false_sharing_2 100000000':

          1,242.99 msec task-clock:u              #    5.881 CPUs utilized          
                 0      context-switches:u        #    0.000 /sec                   
                 0      cpu-migrations:u          #    0.000 /sec                   
                81      page-faults:u             #   65.165 /sec                   
     3,608,890,769      cycles:u                  #    2.903 GHz                      (83.11%)
     2,421,206,931      stalled-cycles-frontend:u #   67.09% frontend cycles idle     (83.11%)
       635,247,518      stalled-cycles-backend:u  #   17.60% backend cycles idle      (67.09%)
     2,402,511,506      instructions:u            #    0.67  insn per cycle         
                                                  #    1.01  stalled cycles per insn  (83.59%)
       600,892,351      branches:u                #  483.424 M/sec                    (83.59%)
               400      branch-misses:u           #    0.00% of all branches          (83.19%)

       0.211362765 seconds time elapsed

       1.232156000 seconds user
       0.001997000 seconds sys


rm -f false_sharing false_sharing_2
